\BOOKMARK [0][-]{section*.1}{Glossary}{}% 1
\BOOKMARK [-1][-]{part.1}{I Preface}{}% 2
\BOOKMARK [0][-]{section.1.1}{Readership}{part.1}% 3
\BOOKMARK [1][-]{section.1.2}{Document Version}{section.1.1}% 4
\BOOKMARK [-1][-]{part.2}{II Introduction}{}% 5
\BOOKMARK [0][-]{section.2.1}{Purpose of the system}{part.2}% 6
\BOOKMARK [1][-]{section.2.2}{Description of the Program}{section.2.1}% 7
\BOOKMARK [-1][-]{part.3}{III User Requirements}{}% 8
\BOOKMARK [0][-]{section.3.1}{UR0100}{part.3}% 9
\BOOKMARK [1][-]{section.3.2}{UR0200}{section.3.1}% 10
\BOOKMARK [1][-]{section.3.3}{UR0300}{section.3.1}% 11
\BOOKMARK [1][-]{section.3.4}{UR0400}{section.3.1}% 12
\BOOKMARK [1][-]{section.3.5}{UR0500 - Algorithms}{section.3.1}% 13
\BOOKMARK [1][-]{section.3.6}{UR0600}{section.3.1}% 14
\BOOKMARK [2][-]{subsection.3.6.1}{UR0601.0 Registered - User view}{section.3.6}% 15
\BOOKMARK [2][-]{subsection.3.6.2}{UR0602.0 Anonymous - User view}{section.3.6}% 16
\BOOKMARK [2][-]{subsection.3.6.3}{UR0603.0 Administrator view}{section.3.6}% 17
\BOOKMARK [1][-]{section.3.7}{UR0700}{section.3.1}% 18
\BOOKMARK [1][-]{section.3.8}{UR0800}{section.3.1}% 19
\BOOKMARK [1][-]{section.3.9}{UR0900}{section.3.1}% 20
\BOOKMARK [1][-]{section.3.10}{UR1000}{section.3.1}% 21
\BOOKMARK [-1][-]{part.4}{IV System Requirements}{}% 22
\BOOKMARK [0][-]{chapter.4}{Non-Functional Requirements}{part.4}% 23
\BOOKMARK [1][-]{section.4.1}{Product Requirements}{chapter.4}% 24
\BOOKMARK [2][-]{subsection.4.1.1}{Usability Requirements}{section.4.1}% 25
\BOOKMARK [2][-]{subsection.4.1.2}{Efficiency Requirements}{section.4.1}% 26
\BOOKMARK [2][-]{subsection.4.1.3}{Dependability Requirements}{section.4.1}% 27
\BOOKMARK [2][-]{subsection.4.1.4}{Security Requirements}{section.4.1}% 28
\BOOKMARK [1][-]{section.4.2}{Organisational Requirements}{chapter.4}% 29
\BOOKMARK [2][-]{subsection.4.2.1}{Environmental Requirements}{section.4.2}% 30
\BOOKMARK [2][-]{subsection.4.2.2}{Operational Requirements}{section.4.2}% 31
\BOOKMARK [2][-]{subsection.4.2.3}{Development Requirements}{section.4.2}% 32
\BOOKMARK [1][-]{section.4.3}{External Requirements}{chapter.4}% 33
\BOOKMARK [2][-]{subsection.4.3.1}{Regulatory Requirements}{section.4.3}% 34
\BOOKMARK [2][-]{subsection.4.3.2}{Ethical Requirements}{section.4.3}% 35
\BOOKMARK [2][-]{subsection.4.3.3}{Legislative Requirements}{section.4.3}% 36
\BOOKMARK [0][-]{chapter.5}{Functional Requirements}{part.4}% 37
\BOOKMARK [1][-]{section.5.1}{The application uses an RDF-Database to store all data}{chapter.5}% 38
\BOOKMARK [1][-]{section.5.2}{The application has a user administration. There are three types of users:}{chapter.5}% 39
\BOOKMARK [2][-]{subsection.5.2.1}{Registered Users:}{section.5.2}% 40
\BOOKMARK [2][-]{subsection.5.2.2}{Anonymous Users:}{section.5.2}% 41
\BOOKMARK [2][-]{subsection.5.2.3}{Administrator}{section.5.2}% 42
\BOOKMARK [1][-]{section.5.3}{Server/Algorithms}{chapter.5}% 43
\BOOKMARK [0][-]{chapter.6}{Scenarios}{part.4}% 44
\BOOKMARK [1][-]{section.6.1}{Registered User - Scenario for creating a new model}{chapter.6}% 45
\BOOKMARK [1][-]{section.6.2}{Registered User - Scenario for uploading an already existing model}{chapter.6}% 46
\BOOKMARK [1][-]{section.6.3}{Registered User - Scenario for running tests on a model from the database}{chapter.6}% 47
\BOOKMARK [1][-]{section.6.4}{Registered User - Scenario for change permissions on a data package}{chapter.6}% 48
\BOOKMARK [1][-]{section.6.5}{Unregistered User - The normal work process}{chapter.6}% 49
\BOOKMARK [1][-]{section.6.6}{Administrator - Control functions and crowd control}{chapter.6}% 50
\BOOKMARK [1][-]{section.6.7}{Administrator - Setting constraints}{chapter.6}% 51
