This is pdfTeX, Version 3.1415926-2.5-1.40.14 (TeX Live 2013/Debian) (format=pdflatex 2015.11.2)  1 DEC 2015 18:35
entering extended mode
 restricted \write18 enabled.
 %&-line parsing enabled.
**designtemplate.tex
(./designtemplate.tex
LaTeX2e <2011/06/27>
Babel <3.9h> and hyphenation patterns for 78 languages loaded.
(/usr/share/texlive/texmf-dist/tex/latex/base/book.cls
Document Class: book 2007/10/19 v1.4h Standard LaTeX document class
(/usr/share/texlive/texmf-dist/tex/latex/base/bk10.clo
File: bk10.clo 2007/10/19 v1.4h Standard LaTeX file (size option)
)
\c@part=\count79
\c@chapter=\count80
\c@section=\count81
\c@subsection=\count82
\c@subsubsection=\count83
\c@paragraph=\count84
\c@subparagraph=\count85
\c@figure=\count86
\c@table=\count87
\abovecaptionskip=\skip41
\belowcaptionskip=\skip42
\bibindent=\dimen102
)
(/usr/share/texlive/texmf-dist/tex/latex/graphics/graphicx.sty
Package: graphicx 1999/02/16 v1.0f Enhanced LaTeX Graphics (DPC,SPQR)

(/usr/share/texlive/texmf-dist/tex/latex/graphics/keyval.sty
Package: keyval 1999/03/16 v1.13 key=value parser (DPC)
\KV@toks@=\toks14
)
(/usr/share/texlive/texmf-dist/tex/latex/graphics/graphics.sty
Package: graphics 2009/02/05 v1.0o Standard LaTeX Graphics (DPC,SPQR)

(/usr/share/texlive/texmf-dist/tex/latex/graphics/trig.sty
Package: trig 1999/03/16 v1.09 sin cos tan (DPC)
)
(/usr/share/texlive/texmf-dist/tex/latex/latexconfig/graphics.cfg
File: graphics.cfg 2010/04/23 v1.9 graphics configuration of TeX Live
)
Package graphics Info: Driver file: pdftex.def on input line 91.

(/usr/share/texlive/texmf-dist/tex/latex/pdftex-def/pdftex.def
File: pdftex.def 2011/05/27 v0.06d Graphics/color for pdfTeX

(/usr/share/texlive/texmf-dist/tex/generic/oberdiek/infwarerr.sty
Package: infwarerr 2010/04/08 v1.3 Providing info/warning/error messages (HO)
)
(/usr/share/texlive/texmf-dist/tex/generic/oberdiek/ltxcmds.sty
Package: ltxcmds 2011/11/09 v1.22 LaTeX kernel commands for general use (HO)
)
\Gread@gobject=\count88
))
\Gin@req@height=\dimen103
\Gin@req@width=\dimen104
)
(./designtemplate.aux)
\openout1 = `designtemplate.aux'.

LaTeX Font Info:    Checking defaults for OML/cmm/m/it on input line 10.
LaTeX Font Info:    ... okay on input line 10.
LaTeX Font Info:    Checking defaults for T1/cmr/m/n on input line 10.
LaTeX Font Info:    ... okay on input line 10.
LaTeX Font Info:    Checking defaults for OT1/cmr/m/n on input line 10.
LaTeX Font Info:    ... okay on input line 10.
LaTeX Font Info:    Checking defaults for OMS/cmsy/m/n on input line 10.
LaTeX Font Info:    ... okay on input line 10.
LaTeX Font Info:    Checking defaults for OMX/cmex/m/n on input line 10.
LaTeX Font Info:    ... okay on input line 10.
LaTeX Font Info:    Checking defaults for U/cmr/m/n on input line 10.
LaTeX Font Info:    ... okay on input line 10.

(/usr/share/texlive/texmf-dist/tex/context/base/supp-pdf.mkii
[Loading MPS to PDF converter (version 2006.09.02).]
\scratchcounter=\count89
\scratchdimen=\dimen105
\scratchbox=\box26
\nofMPsegments=\count90
\nofMParguments=\count91
\everyMPshowfont=\toks15
\MPscratchCnt=\count92
\MPscratchDim=\dimen106
\MPnumerator=\count93
\makeMPintoPDFobject=\count94
\everyMPtoPDFconversion=\toks16
) (/usr/share/texlive/texmf-dist/tex/generic/oberdiek/pdftexcmds.sty
Package: pdftexcmds 2011/11/29 v0.20 Utility functions of pdfTeX for LuaTeX (HO
)

(/usr/share/texlive/texmf-dist/tex/generic/oberdiek/ifluatex.sty
Package: ifluatex 2010/03/01 v1.3 Provides the ifluatex switch (HO)
Package ifluatex Info: LuaTeX not detected.
)
(/usr/share/texlive/texmf-dist/tex/generic/oberdiek/ifpdf.sty
Package: ifpdf 2011/01/30 v2.3 Provides the ifpdf switch (HO)
Package ifpdf Info: pdfTeX in PDF mode is detected.
)
Package pdftexcmds Info: LuaTeX not detected.
Package pdftexcmds Info: \pdf@primitive is available.
Package pdftexcmds Info: \pdf@ifprimitive is available.
Package pdftexcmds Info: \pdfdraftmode found.
)
(/usr/share/texlive/texmf-dist/tex/latex/oberdiek/epstopdf-base.sty
Package: epstopdf-base 2010/02/09 v2.5 Base part for package epstopdf

(/usr/share/texlive/texmf-dist/tex/latex/oberdiek/grfext.sty
Package: grfext 2010/08/19 v1.1 Manage graphics extensions (HO)

(/usr/share/texlive/texmf-dist/tex/generic/oberdiek/kvdefinekeys.sty
Package: kvdefinekeys 2011/04/07 v1.3 Define keys (HO)
))
(/usr/share/texlive/texmf-dist/tex/latex/oberdiek/kvoptions.sty
Package: kvoptions 2011/06/30 v3.11 Key value format for package options (HO)

(/usr/share/texlive/texmf-dist/tex/generic/oberdiek/kvsetkeys.sty
Package: kvsetkeys 2012/04/25 v1.16 Key value parser (HO)

(/usr/share/texlive/texmf-dist/tex/generic/oberdiek/etexcmds.sty
Package: etexcmds 2011/02/16 v1.5 Avoid name clashes with e-TeX commands (HO)
Package etexcmds Info: Could not find \expanded.
(etexcmds)             That can mean that you are not using pdfTeX 1.50 or
(etexcmds)             that some package has redefined \expanded.
(etexcmds)             In the latter case, load this package earlier.
)))
Package grfext Info: Graphics extension search list:
(grfext)             [.png,.pdf,.jpg,.mps,.jpeg,.jbig2,.jb2,.PNG,.PDF,.JPG,.JPE
G,.JBIG2,.JB2,.eps]
(grfext)             \AppendGraphicsExtensions on input line 452.

(/usr/share/texlive/texmf-dist/tex/latex/latexconfig/epstopdf-sys.cfg
File: epstopdf-sys.cfg 2010/07/13 v1.3 Configuration of (r)epstopdf for TeX Liv
e
))
LaTeX Font Info:    External font `cmex10' loaded for size
(Font)              <12> on input line 12.
LaTeX Font Info:    External font `cmex10' loaded for size
(Font)              <8> on input line 12.
LaTeX Font Info:    External font `cmex10' loaded for size
(Font)              <6> on input line 12.

[1



{/var/lib/texmf/fonts/map/pdftex/updmap/pdftex.map}] [2

]
(./designtemplate.toc
LaTeX Font Info:    External font `cmex10' loaded for size
(Font)              <7> on input line 5.
LaTeX Font Info:    External font `cmex10' loaded for size
(Font)              <5> on input line 5.
)
\tf@toc=\write3
\openout3 = `designtemplate.toc'.

 [3] [4

] [1

] [2]
Chapter 1.

Overfull \hbox (148.62068pt too wide) in paragraph at lines 20--20
[][]\OT1/cmr/m/n/8 https://moodle.uni-mainz.de/pluginfile.php/33185/assignsubmi
ssion[]file/submission[]files/8942/Abgabe[]Review[]Document.tar.gz| 
 []


Overfull \hbox (6.19489pt too wide) in paragraph at lines 18--21
\OT1/cmr/m/n/10 er-ences to re-quire-ments are based on the sys-tem re-quire-me
nts of our requirements-
 []

[3

] [4

]
Chapter 2.
<Context_Model.jpg, id=37, 150.5625pt x 80.3pt>
File: Context_Model.jpg Graphic file (type jpg)
 <use Context_Model.jpg>
Package pdftex.def Info: Context_Model.jpg used on input line 26.
(pdftex.def)             Requested size: 85.35826pt x 45.5264pt.

[5 <./Context_Model.jpg>] [6

]
Chapter 3.
<Client-Server.jpg, id=44, 471.7625pt x 100.375pt>
File: Client-Server.jpg Graphic file (type jpg)
 <use Client-Server.jpg>
Package pdftex.def Info: Client-Server.jpg used on input line 41.
(pdftex.def)             Requested size: 256.0748pt x 54.48503pt.

<Overview.jpg, id=45, 883.3pt x 572.1375pt>
File: Overview.jpg Graphic file (type jpg)
 <use Overview.jpg>
Package pdftex.def Info: Overview.jpg used on input line 64.
(pdftex.def)             Requested size: 455.24408pt x 294.87671pt.

Overfull \hbox (110.24408pt too wide) in paragraph at lines 64--65
 [][] 
 []

<User_surface.jpg, id=46, 1043.9pt x 732.7375pt>
File: User_surface.jpg Graphic file (type jpg)
 <use User_surface.jpg>
Package pdftex.def Info: User_surface.jpg used on input line 72.
(pdftex.def)             Requested size: 455.24408pt x 319.54324pt.

Overfull \hbox (110.24408pt too wide) in paragraph at lines 72--73
 [][] 
 []

<load_surface.jpg, id=47, 1043.9pt x 732.7375pt>
File: load_surface.jpg Graphic file (type jpg)
 <use load_surface.jpg>
Package pdftex.def Info: load_surface.jpg used on input line 79.
(pdftex.def)             Requested size: 455.24408pt x 319.54324pt.

Overfull \hbox (110.24408pt too wide) in paragraph at lines 79--80
 [][] 
 []

<vis_surface.jpg, id=48, 1043.9pt x 732.7375pt>
File: vis_surface.jpg Graphic file (type jpg)
 <use vis_surface.jpg>
Package pdftex.def Info: vis_surface.jpg used on input line 86.
(pdftex.def)             Requested size: 455.24408pt x 319.54324pt.

Overfull \hbox (110.24408pt too wide) in paragraph at lines 86--87
 [][] 
 []

[7 <./Client-Server.jpg>]
Underfull \vbox (badness 10000) has occurred while \output is active []

 [8 <./Overview.jpg>]

LaTeX Warning: `h' float specifier changed to `ht'.

[9 <./User_surface.jpg>]

LaTeX Warning: `h' float specifier changed to `ht'.

<server.jpg, id=59, 572.1375pt x 381.425pt>
File: server.jpg Graphic file (type jpg)
 <use server.jpg>
Package pdftex.def Info: server.jpg used on input line 94.
(pdftex.def)             Requested size: 284.52756pt x 189.68768pt.

<reflection.png, id=60, 791.95876pt x 212.795pt>
File: reflection.png Graphic file (type png)
 <use reflection.png>
Package pdftex.def Info: reflection.png used on input line 102.
(pdftex.def)             Requested size: 426.79134pt x 114.67703pt.

Overfull \hbox (81.79134pt too wide) in paragraph at lines 102--103
 [][] 
 []


Underfull \hbox (badness 10000) in paragraph at lines 103--103
[]\OT1/cmr/m/n/10 Figure 3.7: The re-flec-tion pat-tern based on
 []


LaTeX Warning: `h' float specifier changed to `ht'.

[10 <./load_surface.jpg>]

LaTeX Warning: `h' float specifier changed to `ht'.

[11 <./vis_surface.jpg>] [12 <./server.jpg> <./reflection.png>]
Chapter 4.
[13

] [14

]
Chapter 5.
[15] (./designtemplate.aux) ) 
Here is how much of TeX's memory you used:
 1569 strings out of 493304
 22412 string characters out of 6139871
 84006 words of memory out of 5000000
 5025 multiletter control sequences out of 15000+600000
 9460 words of font info for 33 fonts, out of 8000000 for 9000
 957 hyphenation exceptions out of 8191
 37i,8n,23p,912b,224s stack positions out of 5000i,500n,10000p,200000b,80000s
</usr/share/texlive/texmf-dist/fonts/type1/public/
amsfonts/cm/cmbx10.pfb></usr/share/texlive/texmf-dist/fonts/type1/public/amsfon
ts/cm/cmbx12.pfb></usr/share/texlive/texmf-dist/fonts/type1/public/amsfonts/cm/
cmr10.pfb></usr/share/texlive/texmf-dist/fonts/type1/public/amsfonts/cm/cmr12.p
fb></usr/share/texlive/texmf-dist/fonts/type1/public/amsfonts/cm/cmr17.pfb></us
r/share/texlive/texmf-dist/fonts/type1/public/amsfonts/cm/cmr6.pfb></usr/share/
texlive/texmf-dist/fonts/type1/public/amsfonts/cm/cmr7.pfb></usr/share/texlive/
texmf-dist/fonts/type1/public/amsfonts/cm/cmr8.pfb></usr/share/texlive/texmf-di
st/fonts/type1/public/amsfonts/cm/cmsl10.pfb>
Output written on designtemplate.pdf (19 pages, 379555 bytes).
PDF statistics:
 112 PDF objects out of 1000 (max. 8388607)
 72 compressed objects within 1 object stream
 0 named destinations out of 1000 (max. 500000)
 41 words of extra memory for PDF output out of 10000 (max. 10000000)

